make all --print-data-base --no-builtin-variables --no-builtin-rules --question
make: *** No rule to make target 'all'.  Stop.

# GNU Make 4.3
# Built for x86_64-pc-linux-gnu
# Copyright (C) 1988-2020 Free Software Foundation, Inc.
# License GPLv3+: GNU GPL version 3 or later <http://gnu.org/licenses/gpl.html>
# This is free software: you are free to change and redistribute it.
# There is NO WARRANTY, to the extent permitted by law.

# Make data base, printed on Wed Aug 24 14:49:43 2022

# Variables

# environment
GDK_BACKEND = x11
# environment
LC_ALL = C
# environment
NO_AT_BRIDGE = 1
# environment
GTK_RC_FILES = /etc/gtk/gtkrc:/home/kokolor/.gtkrc:/home/kokolor/.config/gtkrc
# environment
SNAP_INSTANCE_KEY = 
# environment
LC_NAME = fr_FR.UTF-8
# environment
LC_NUMERIC = fr_FR.UTF-8
# environment
VSCODE_CWD = /home/kokolor
# environment
LC_ADDRESS = fr_FR.UTF-8
# default
MAKE_COMMAND := make
# environment
GTK3_MODULES = xapp-gtk3-module
# automatic
@D = $(patsubst %/,%,$(dir $@))
# environment
SNAP_INSTANCE_NAME = code
# environment
GDK_PIXBUF_MODULEDIR = /snap/code/105/usr/lib/x86_64-linux-gnu/gdk-pixbuf-2.0/2.10.0/loaders
# environment
VSCODE_HANDLES_UNCAUGHT_ERRORS = true
# default
.VARIABLES := 
# environment
PWD = /home/kokolor/Dev/OSDev/Tesseract
# automatic
%D = $(patsubst %/,%,$(dir $%))
# environment
MAIL = /var/spool/mail/kokolor
# environment
XDG_DATA_DIRS = /home/kokolor/.local/share/flatpak/exports/share:/var/lib/flatpak/exports/share:/usr/local/share:/usr/share:/var/lib/snapd/desktop
# automatic
^D = $(patsubst %/,%,$(dir $^))
# automatic
%F = $(notdir $%)
# environment
VSCODE_CODE_CACHE_PATH = /home/kokolor/.config/Code/CachedData/e4503b30fc78200f846c62cf8091b76ff5547662
# environment
XDG_SESSION_PATH = /org/freedesktop/DisplayManager/Session1
# environment
LANG = C
# environment
XAUTHORITY = /home/kokolor/.Xauthority
# default
.LOADED := 
# default
.INCLUDE_DIRS = /usr/include /usr/local/include /usr/include
# makefile
MAKEFLAGS = pqrR
# makefile
CURDIR := /home/kokolor/Dev/OSDev/Tesseract
# environment
APPLICATION_INSIGHTS_NO_DIAGNOSTIC_CHANNEL = true
# makefile (from 'Makefile', line 1)
SRCS := Source/Kernel/Kernel.c Source/Include/TextMode/TextMode.c Source/Include/Cpu/Gdt/Gdt.c Source/Include/Cpu/Idt/Idt.c Source/Include/Cpu/Idt/Interrupts/Interrupts.c Source/Include/Cpu/Idt/Interrupts/Keyboard/Keyboard.c Source/Include/Common/Common.c Source/Include/Graphics/Graphics.c 
# automatic
*D = $(patsubst %/,%,$(dir $*))
# environment
PAM_KWALLET5_LOGIN = /run/user/1000/kwallet5.socket
# environment
MFLAGS = -pqrR
# default
.SHELLFLAGS := -c
# environment
QT_LINUX_ACCESSIBILITY_ALWAYS_ON = 1
# environment
XDG_CONFIG_DIRS = /home/kokolor/.config/kdedefaults:/etc/xdg
# automatic
+D = $(patsubst %/,%,$(dir $+))
# environment
XCURSOR_THEME = breeze_cursors
# environment
XDG_SESSION_DESKTOP = KDE
# makefile (from 'Makefile', line 1)
MAKEFILE_LIST := Makefile
# environment
SNAP_REEXEC = 
# automatic
@F = $(notdir $@)
# environment
VSCODE_PID = 4042
# environment
XDG_SESSION_TYPE = x11
# automatic
?D = $(patsubst %/,%,$(dir $?))
# environment
BAMF_DESKTOP_FILE_HINT = /var/lib/snapd/desktop/applications/code_code.desktop
# environment
SESSION_MANAGER = local/kokolor-aspiree5575g:@/tmp/.ICE-unix/914,unix/kokolor-aspiree5575g:/tmp/.ICE-unix/914
# automatic
*F = $(notdir $*)
# environment
CHROME_DESKTOP = code-url-handler.desktop
# environment
DBUS_SESSION_BUS_ADDRESS = unix:path=/run/user/1000/bus
# automatic
<D = $(patsubst %/,%,$(dir $<))
# environment
VSCODE_NLS_CONFIG = {"locale":"fr","availableLanguages":{"*":"fr"},"_languagePackId":"8a64477f85858ca31d1daacec93dba94.fr","_translationsConfigFile":"/home/kokolor/.config/Code/clp/8a64477f85858ca31d1daacec93dba94.fr/tcf.json","_cacheRoot":"/home/kokolor/.config/Code/clp/8a64477f85858ca31d1daacec93dba94.fr","_resolvedLanguagePackCoreLocation":"/home/kokolor/.config/Code/clp/8a64477f85858ca31d1daacec93dba94.fr/e4503b30fc78200f846c62cf8091b76ff5547662","_corruptedFile":"/home/kokolor/.config/Code/clp/8a64477f85858ca31d1daacec93dba94.fr/corrupted.info","_languagePackSupport":true}
# default
MAKE_HOST := x86_64-pc-linux-gnu
# makefile (from 'Makefile', line 2)
OBJS := Source/Kernel/Kernel.o Source/Include/TextMode/TextMode.o Source/Include/Cpu/Gdt/Gdt.o Source/Include/Cpu/Idt/Idt.o Source/Include/Cpu/Idt/Interrupts/Interrupts.o Source/Include/Cpu/Idt/Interrupts/Keyboard/Keyboard.o Source/Include/Common/Common.o Source/Include/Graphics/Graphics.o
# makefile
SHELL = /bin/sh
# default
MAKECMDGOALS := all
# environment
DOTNET_BUNDLE_EXTRACT_BASE_DIR = /home/kokolor/.cache/dotnet_bundle_extract
# environment
SHLVL = 1
# environment
MAKELEVEL := 0
# default
MAKE = $(MAKE_COMMAND)
# environment
SNAP_COOKIE = ygiR3voKmQPYXjTtRngvqY5-m85mJ6NxgqldcqtvN3twSninaXOM
# environment
PATH = /home/kokolor/opt/cross/bin:/home/kokolor/opt/cross/bin:/home/kokolor/.local/bin:/home/kokolor/opt/cross/bin:/home/kokolor/opt/cross/bin:/home/kokolor/.local/bin:/usr/local/sbin:/usr/local/bin:/usr/bin:/home/kokolor/.dotnet/tools:/usr/bin/site_perl:/usr/bin/vendor_perl:/usr/bin/core_perl:/var/lib/snapd/snap/bin
# default
MAKEFILES := 
# environment
LANGUAGE = 
# environment
LC_MONETARY = fr_FR.UTF-8
# environment
MOTD_SHOWN = pam
# automatic
^F = $(notdir $^)
# environment
SNAP_USER_COMMON = /home/kokolor/snap/code/common
# environment
LC_TIME = fr_FR.UTF-8
# environment
SNAP = /snap/code/105
# environment
PREFIX = /home/kokolor/opt/cross
# environment
SNAP_REVISION = 105
# environment
SNAP_REAL_HOME = /home/kokolor
# environment
LC_TELEPHONE = fr_FR.UTF-8
# automatic
?F = $(notdir $?)
# environment
KDE_APPLICATIONS_AS_SCOPE = 1
# environment
XDG_SEAT = seat0
# environment
XDG_CURRENT_DESKTOP = KDE
# environment
LS_COLORS = 
# automatic
+F = $(notdir $+)
# environment
XDG_SEAT_PATH = /org/freedesktop/DisplayManager/Seat0
# environment
DESKTOP_SESSION = plasma
# environment
ORIGINAL_XDG_CURRENT_DESKTOP = KDE
# 'override' directive
GNUMAKEFLAGS := 
# environment
LOGNAME = kokolor
# environment
SNAP_ARCH = amd64
# environment
XDG_VTNR = 1
# makefile
.DEFAULT_GOAL := Kernel.bin
# environment
SYSTEMD_EXEC_PID = 808
# environment
DISPLAY = :0
# environment
GTK_MODULES = canberra-gtk-module
# environment
USER = kokolor
# default
MAKE_VERSION := 4.3
# environment
KDE_SESSION_UID = 1000
# 'override' directive
.SHELLSTATUS := 0
# environment
DISABLE_WAYLAND = 1
# environment
SNAP_DATA = /var/snap/code/105
# environment
SNAP_CONTEXT = ygiR3voKmQPYXjTtRngvqY5-m85mJ6NxgqldcqtvN3twSninaXOM
# environment
LC_MEASUREMENT = fr_FR.UTF-8
# environment
_ = /usr/bin/make
# environment
LC_PAPER = fr_FR.UTF-8
# environment
XDG_RUNTIME_DIR = /run/user/1000
# environment
GDK_PIXBUF_MODULE_FILE = /home/kokolor/snap/code/common/.cache/gdk-pixbuf-loaders.cache
# environment
XDG_SESSION_CLASS = user
# environment
VSCODE_AMD_ENTRYPOINT = vs/workbench/api/node/extensionHostProcess
# environment
GTK2_RC_FILES = /etc/gtk-2.0/gtkrc:/home/kokolor/.gtkrc-2.0:/home/kokolor/.config/gtkrc-2.0
# environment
HOME = /home/kokolor
# environment
ELECTRON_RUN_AS_NODE = 1
# environment
VSCODE_IPC_HOOK = /run/user/1000/vscode-116eb7f4-1.70.2-main.sock
# environment
SNAP_NAME = code
# environment
GSETTINGS_SCHEMA_DIR = /snap/code/105/usr/share/glib-2.0/schemas
# environment
XDG_SESSION_ID = 2
# environment
XCURSOR_SIZE = 24
# default
.RECIPEPREFIX := 
# automatic
<F = $(notdir $<)
# environment
SNAP_VERSION = e4503b30
# default
SUFFIXES := 
# environment
TARGET = i686-elf
# environment
QT_AUTO_SCREEN_SCALE_FACTOR = 0
# environment
VSCODE_CLI = 1
# environment
ELECTRON_NO_ATTACH_CONSOLE = 1
# environment
SNAP_COMMON = /var/snap/code/common
# environment
KDE_SESSION_VERSION = 5
# default
.FEATURES := target-specific order-only second-expansion else-if shortest-stem undefine oneshell nocomment grouped-target extra-prereqs archives jobserver output-sync check-symlink guile load
# environment
KDE_FULL_SESSION = true
# environment
SNAP_USER_DATA = /home/kokolor/snap/code/105
# environment
DOTNET_ROOT = /usr/share/dotnet
# environment
LC_IDENTIFICATION = fr_FR.UTF-8
# environment
SNAP_LIBRARY_PATH = /var/lib/snapd/lib/gl:/var/lib/snapd/lib/gl32:/var/lib/snapd/void
# variable set hash-table stats:
# Load=131/1024=13%, Rehash=0, Collisions=7/166=4%

# Pattern-specific Variable Values

# No pattern-specific variable values.

# Directories

# . (device 2057, inode 3314225): 13 files, no impossibilities.

# 13 files, no impossibilities in 1 directories.

# Implicit Rules

%.o: %.c
#  recipe to execute (from 'Makefile', line 5):
	gcc -g -ffreestanding -ISource/ -Wall -Wextra -fno-exceptions -fno-stack-protector -m32 -fno-pie -c $< -o $@

# 1 implicit rules, 0 (0.0%) terminal.
# Files

Kernel.bin: KernelEntry.o Interrupts.o Source/Kernel/Kernel.o Source/Include/TextMode/TextMode.o Source/Include/Cpu/Gdt/Gdt.o Source/Include/Cpu/Idt/Idt.o Source/Include/Cpu/Idt/Interrupts/Interrupts.o Source/Include/Cpu/Idt/Interrupts/Keyboard/Keyboard.o Source/Include/Common/Common.o Source/Include/Graphics/Graphics.o
#  Implicit rule search has not been done.
#  Modification time never checked.
#  File has not been updated.
#  recipe to execute (from 'Makefile', line 8):
	ld -o $@ -Ttext 0x1000 $^ --oformat binary -m elf_i386

# Not a target:
Source/Include/Graphics/Graphics.o:
#  Implicit rule search has not been done.
#  Modification time never checked.
#  File has not been updated.

# Not a target:
Makefile:
#  Implicit rule search has been done.
#  Last modified 2022-08-24 14:49:23.231687707
#  File has been updated.
#  Successfully updated.

OSImage.bin: Boot.bin Kernel.bin
#  Implicit rule search has not been done.
#  Modification time never checked.
#  File has not been updated.
#  recipe to execute (from 'Makefile', line 11):
	cat $^ > OSImage.bin

clean:
#  Implicit rule search has not been done.
#  Modification time never checked.
#  File has not been updated.
#  recipe to execute (from 'Makefile', line 26):
	rm *.bin
	rm *.o
	rm $(OBJS)

# Not a target:
Source/Kernel/Kernel.o:
#  Implicit rule search has not been done.
#  Modification time never checked.
#  File has not been updated.

# Not a target:
Source/Include/Cpu/Idt/Idt.o:
#  Implicit rule search has not been done.
#  Modification time never checked.
#  File has not been updated.

# Not a target:
Source/Include/Cpu/Gdt/Gdt.o:
#  Implicit rule search has not been done.
#  Modification time never checked.
#  File has not been updated.

KernelEntry.o:
#  Implicit rule search has not been done.
#  Modification time never checked.
#  File has not been updated.
#  recipe to execute (from 'Makefile', line 17):
	nasm Source/Kernel/KernelEntry.asm -f elf -o KernelEntry.o

# Not a target:
.DEFAULT:
#  Implicit rule search has not been done.
#  Modification time never checked.
#  File has not been updated.

# Not a target:
Source/Include/Common/Common.o:
#  Implicit rule search has not been done.
#  Modification time never checked.
#  File has not been updated.

Boot.bin:
#  Implicit rule search has not been done.
#  Modification time never checked.
#  File has not been updated.
#  recipe to execute (from 'Makefile', line 14):
	nasm Bootloader/Main.asm -f bin -o Boot.bin

# Not a target:
all:
#  Command line target.
#  Implicit rule search has been done.
#  File does not exist.
#  File has not been updated.

run: OSImage.bin
#  Implicit rule search has not been done.
#  Modification time never checked.
#  File has not been updated.
#  recipe to execute (from 'Makefile', line 23):
	qemu-system-i386 -fda OSImage.bin

Interrupts.o:
#  Implicit rule search has not been done.
#  Modification time never checked.
#  File has not been updated.
#  recipe to execute (from 'Makefile', line 20):
	nasm Source/Include/Cpu/Idt/Interrupts.asm -f elf32 -o Interrupts.o

# Not a target:
Source/Include/Cpu/Idt/Interrupts/Interrupts.o:
#  Implicit rule search has not been done.
#  Modification time never checked.
#  File has not been updated.

# Not a target:
Source/Include/TextMode/TextMode.o:
#  Implicit rule search has not been done.
#  Modification time never checked.
#  File has not been updated.

# Not a target:
Source/Include/Cpu/Idt/Interrupts/Keyboard/Keyboard.o:
#  Implicit rule search has not been done.
#  Modification time never checked.
#  File has not been updated.

# files hash-table stats:
# Load=19/1024=2%, Rehash=0, Collisions=0/45=0%
# VPATH Search Paths

# No 'vpath' search paths.

# No general ('VPATH' variable) search path.

# strcache buffers: 1 (0) / strings = 30 / storage = 470 B / avg = 15 B
# current buf: size = 8162 B / used = 470 B / count = 30 / avg = 15 B

# strcache performance: lookups = 51 / hit rate = 41%
# hash-table stats:
# Load=30/8192=0%, Rehash=0, Collisions=0/51=0%
# Finished Make data base on Wed Aug 24 14:49:43 2022

 
